生成启动时间为 6/10/2014 9:29:02 PM。
     1>项目“F:\MyProjects\ZTL\ZTL\ZTL.vcxproj”在节点 2 上(Build 个目标)。
     1>ClCompile:
         E:\Program Files (x86)\Microsoft Visual Studio 12.0\VC\bin\x86_amd64\CL.exe /c /Zi /nologo /W3 /WX- /sdl /Od /D WIN32 /D _DEBUG /D _CONSOLE /D _LIB /D _CRT_SECURE_NO_WARNINGS /D _UNICODE /D UNICODE /Gm /EHsc /RTC1 /MDd /GS /fp:precise /Zc:wchar_t /Zc:forScope /Fo"x64\Debug\\" /Fd"x64\Debug\vc120.pdb" /FR"x64\Debug\\" /Gd /TP /errorReport:prompt container\ztl_deque.h main.cpp
         ztl_deque.h
         正在生成代码...
         正在编译...
         main.cpp
     1>f:\myprojects\ztl\ztl\test/test_deque.h(61): warning C4101: “i”: 未引用的局部变量
     1>f:\myprojects\ztl\ztl\test/test_deque.h(168): warning C4101: “i”: 未引用的局部变量
     1>f:\myprojects\ztl\ztl\test/test_deque.h(269): warning C4101: “i”: 未引用的局部变量
     1>f:\myprojects\ztl\ztl\test/test_deque.h(768): warning C4101: “i”: 未引用的局部变量
         Unknown compiler version - please run the configure tests and report the results
     1>f:\myprojects\ztl\ztl\test/test_string.h(474): warning C4101: “length”: 未引用的局部变量
     1>f:\myprojects\ztl\ztl\test/test_string.h(1024): warning C4267: “初始化”: 从“size_t”转换到“unsigned int”，可能丢失数据
     1>f:\myprojects\ztl\ztl\container/ztl_deque.h(588): warning C4018: “>”: 有符号/无符号不匹配
                 f:\myprojects\ztl\ztl\container/ztl_deque.h(587): 编译类 模板 成员函数“void ztl::deque<int>::reserve(const unsigned __int64,const unsigned __int64)”时
                 f:\myprojects\ztl\ztl\container/ztl_deque.h(347): 参见对正在编译的函数 模板 实例化“void ztl::deque<int>::reserve(const unsigned __int64,const unsigned __int64)”的引用
                 f:\myprojects\ztl\ztl\test/test_deque.h(10): 参见对正在编译的类 模板 实例化“ztl::deque<int>”的引用
         正在生成代码...
       Link:
         E:\Program Files (x86)\Microsoft Visual Studio 12.0\VC\bin\x86_amd64\link.exe /ERRORREPORT:PROMPT /OUT:"F:\MyProjects\ZTL\x64\Debug\ZTL.exe" /INCREMENTAL /NOLOGO kernel32.lib user32.lib gdi32.lib winspool.lib comdlg32.lib advapi32.lib shell32.lib ole32.lib oleaut32.lib uuid.lib odbc32.lib odbccp32.lib /MANIFEST /MANIFESTUAC:"level='asInvoker' uiAccess='false'" /manifest:embed /DEBUG /PDB:"F:\MyProjects\ZTL\x64\Debug\ZTL.pdb" /SUBSYSTEM:CONSOLE /TLBID:1 /DYNAMICBASE /NXCOMPAT /IMPLIB:"F:\MyProjects\ZTL\x64\Debug\ZTL.lib" /MACHINE:X64 /PROFILE x64\Debug\ztl_deque.obj
         x64\Debug\main.obj
     1>LINK : warning LNK4075: 忽略“/INCREMENTAL”(由于“/PROFILE”规范)
         ZTL.vcxproj -> F:\MyProjects\ZTL\x64\Debug\ZTL.exe
       BscMake:
         E:\Program Files (x86)\Microsoft Visual Studio 12.0\VC\bin\bscmake.exe /nologo /o"F:\MyProjects\ZTL\x64\Debug\ZTL.bsc" /n x64\Debug\ztl_deque.sbr x64\Debug\main.sbr
     1>已完成生成项目“F:\MyProjects\ZTL\ZTL\ZTL.vcxproj”(Build 个目标)的操作。

生成成功。

已用时间 00:00:07.75
